2017-01-16T01:09:15,715 : (StartupInfoLogger.java:48) - [INFO] org.springframework.boot.StartupInfoLogger.logStarting() - Starting App on iturrizagapc with PID 20068 (/home/frankieic/devenv/source-code/samples/testing-logging/target/classes started by frankieic in /home/frankieic/devenv/source-code/samples/testing-logging)
2017-01-16T01:09:15,718 : (SpringApplication.java:659) - [INFO] org.springframework.boot.SpringApplication.logStartupProfileInfo() - No active profile set, falling back to default profiles: default
2017-01-16T01:09:15,764 : (AbstractApplicationContext.java:581) - [INFO] org.springframework.context.support.AbstractApplicationContext.prepareRefresh() - Refreshing org.springframework.boot.context.embedded.AnnotationConfigEmbeddedWebApplicationContext@3c73951: startup date [Mon Jan 16 01:09:15 PET 2017]; root of context hierarchy
2017-01-16T01:09:15,856 : (Version.java:30) - [INFO] org.hibernate.validator.internal.util.Version.<clinit>() - HV000001: Hibernate Validator 5.2.4.Final
2017-01-16T01:09:16,730 : (TomcatEmbeddedServletContainer.java:88) - [INFO] org.springframework.boot.context.embedded.tomcat.TomcatEmbeddedServletContainer.initialize() - Tomcat initialized with port(s): 8081 (http)
2017-01-16T01:09:16,740 : (DirectJDKLog.java:179) - [INFO] org.apache.juli.logging.DirectJDKLog.log() - Starting service Tomcat
2017-01-16T01:09:16,741 : (DirectJDKLog.java:179) - [INFO] org.apache.juli.logging.DirectJDKLog.log() - Starting Servlet Engine: Apache Tomcat/8.5.4
2017-01-16T01:09:16,808 : (DirectJDKLog.java:179) - [INFO] org.apache.juli.logging.DirectJDKLog.log() - Initializing Spring embedded WebApplicationContext
2017-01-16T01:09:16,809 : (EmbeddedWebApplicationContext.java:276) - [INFO] org.springframework.boot.context.embedded.EmbeddedWebApplicationContext.prepareEmbeddedWebApplicationContext() - Root WebApplicationContext: initialization completed in 1048 ms
2017-01-16T01:09:16,902 : (ServletRegistrationBean.java:190) - [INFO] org.springframework.boot.web.servlet.ServletRegistrationBean.onStartup() - Mapping servlet: 'dispatcherServlet' to [/]
2017-01-16T01:09:16,905 : (AbstractFilterRegistrationBean.java:258) - [INFO] org.springframework.boot.web.servlet.AbstractFilterRegistrationBean.configure() - Mapping filter: 'characterEncodingFilter' to: [/*]
2017-01-16T01:09:16,905 : (AbstractFilterRegistrationBean.java:258) - [INFO] org.springframework.boot.web.servlet.AbstractFilterRegistrationBean.configure() - Mapping filter: 'hiddenHttpMethodFilter' to: [/*]
2017-01-16T01:09:16,906 : (AbstractFilterRegistrationBean.java:258) - [INFO] org.springframework.boot.web.servlet.AbstractFilterRegistrationBean.configure() - Mapping filter: 'httpPutFormContentFilter' to: [/*]
2017-01-16T01:09:16,906 : (AbstractFilterRegistrationBean.java:258) - [INFO] org.springframework.boot.web.servlet.AbstractFilterRegistrationBean.configure() - Mapping filter: 'requestContextFilter' to: [/*]
2017-01-16T01:09:17,162 : (RequestMappingHandlerAdapter.java:534) - [INFO] org.springframework.web.servlet.mvc.method.annotation.RequestMappingHandlerAdapter.initControllerAdviceCache() - Looking for @ControllerAdvice: org.springframework.boot.context.embedded.AnnotationConfigEmbeddedWebApplicationContext@3c73951: startup date [Mon Jan 16 01:09:15 PET 2017]; root of context hierarchy
2017-01-16T01:09:17,215 : (AbstractHandlerMethodMapping.java:543) - [INFO] org.springframework.web.servlet.handler.AbstractHandlerMethodMapping$MappingRegistry.register() - Mapped "{[/test]}" onto public org.springframework.http.ResponseEntity com.fiturriz.logging.App.method()
2017-01-16T01:09:17,219 : (AbstractHandlerMethodMapping.java:543) - [INFO] org.springframework.web.servlet.handler.AbstractHandlerMethodMapping$MappingRegistry.register() - Mapped "{[/error],produces=[text/html]}" onto public org.springframework.web.servlet.ModelAndView org.springframework.boot.autoconfigure.web.BasicErrorController.errorHtml(javax.servlet.http.HttpServletRequest,javax.servlet.http.HttpServletResponse)
2017-01-16T01:09:17,220 : (AbstractHandlerMethodMapping.java:543) - [INFO] org.springframework.web.servlet.handler.AbstractHandlerMethodMapping$MappingRegistry.register() - Mapped "{[/error]}" onto public org.springframework.http.ResponseEntity<java.util.Map<java.lang.String, java.lang.Object>> org.springframework.boot.autoconfigure.web.BasicErrorController.error(javax.servlet.http.HttpServletRequest)
2017-01-16T01:09:17,250 : (AbstractUrlHandlerMapping.java:354) - [INFO] org.springframework.web.servlet.handler.AbstractUrlHandlerMapping.registerHandler() - Mapped URL path [/webjars/**] onto handler of type [class org.springframework.web.servlet.resource.ResourceHttpRequestHandler]
2017-01-16T01:09:17,250 : (AbstractUrlHandlerMapping.java:354) - [INFO] org.springframework.web.servlet.handler.AbstractUrlHandlerMapping.registerHandler() - Mapped URL path [/**] onto handler of type [class org.springframework.web.servlet.resource.ResourceHttpRequestHandler]
2017-01-16T01:09:17,287 : (AbstractUrlHandlerMapping.java:354) - [INFO] org.springframework.web.servlet.handler.AbstractUrlHandlerMapping.registerHandler() - Mapped URL path [/**/favicon.ico] onto handler of type [class org.springframework.web.servlet.resource.ResourceHttpRequestHandler]
2017-01-16T01:09:17,411 : (MBeanExporter.java:431) - [INFO] org.springframework.jmx.export.MBeanExporter.afterSingletonsInstantiated() - Registering beans for JMX exposure on startup
2017-01-16T01:09:17,428 : (DirectJDKLog.java:179) - [INFO] org.apache.juli.logging.DirectJDKLog.log() - Initializing ProtocolHandler ["http-nio-8081"]
2017-01-16T01:09:17,441 : (DirectJDKLog.java:179) - [INFO] org.apache.juli.logging.DirectJDKLog.log() - Starting ProtocolHandler [http-nio-8081]
2017-01-16T01:09:17,447 : (DirectJDKLog.java:179) - [INFO] org.apache.juli.logging.DirectJDKLog.log() - Using a shared selector for servlet write/read
2017-01-16T01:09:17,460 : (TomcatEmbeddedServletContainer.java:186) - [INFO] org.springframework.boot.context.embedded.tomcat.TomcatEmbeddedServletContainer.start() - Tomcat started on port(s): 8081 (http)
2017-01-16T01:09:17,465 : (StartupInfoLogger.java:57) - [INFO] org.springframework.boot.StartupInfoLogger.logStarted() - Started App in 2.158 seconds (JVM running for 2.806)
2017-01-16T01:09:20,834 : (AbstractApplicationContext.java:982) - [INFO] org.springframework.context.support.AbstractApplicationContext.doClose() - Closing org.springframework.boot.context.embedded.AnnotationConfigEmbeddedWebApplicationContext@3c73951: startup date [Mon Jan 16 01:09:15 PET 2017]; root of context hierarchy
2017-01-16T01:09:22,898 : (StartupInfoLogger.java:48) - [INFO] org.springframework.boot.StartupInfoLogger.logStarting() - Starting App on iturrizagapc with PID 20146 (/home/frankieic/devenv/source-code/samples/testing-logging/target/classes started by frankieic in /home/frankieic/devenv/source-code/samples/testing-logging)
2017-01-16T01:09:22,900 : (SpringApplication.java:659) - [INFO] org.springframework.boot.SpringApplication.logStartupProfileInfo() - No active profile set, falling back to default profiles: default
2017-01-16T01:09:22,958 : (AbstractApplicationContext.java:581) - [INFO] org.springframework.context.support.AbstractApplicationContext.prepareRefresh() - Refreshing org.springframework.boot.context.embedded.AnnotationConfigEmbeddedWebApplicationContext@14555e0a: startup date [Mon Jan 16 01:09:22 PET 2017]; root of context hierarchy
2017-01-16T01:09:23,091 : (Version.java:30) - [INFO] org.hibernate.validator.internal.util.Version.<clinit>() - HV000001: Hibernate Validator 5.2.4.Final
2017-01-16T01:09:24,027 : (TomcatEmbeddedServletContainer.java:88) - [INFO] org.springframework.boot.context.embedded.tomcat.TomcatEmbeddedServletContainer.initialize() - Tomcat initialized with port(s): 8081 (http)
2017-01-16T01:09:24,038 : (DirectJDKLog.java:179) - [INFO] org.apache.juli.logging.DirectJDKLog.log() - Starting service Tomcat
2017-01-16T01:09:24,040 : (DirectJDKLog.java:179) - [INFO] org.apache.juli.logging.DirectJDKLog.log() - Starting Servlet Engine: Apache Tomcat/8.5.4
2017-01-16T01:09:24,136 : (DirectJDKLog.java:179) - [INFO] org.apache.juli.logging.DirectJDKLog.log() - Initializing Spring embedded WebApplicationContext
2017-01-16T01:09:24,137 : (EmbeddedWebApplicationContext.java:276) - [INFO] org.springframework.boot.context.embedded.EmbeddedWebApplicationContext.prepareEmbeddedWebApplicationContext() - Root WebApplicationContext: initialization completed in 1183 ms
2017-01-16T01:09:24,313 : (ServletRegistrationBean.java:190) - [INFO] org.springframework.boot.web.servlet.ServletRegistrationBean.onStartup() - Mapping servlet: 'dispatcherServlet' to [/]
2017-01-16T01:09:24,317 : (AbstractFilterRegistrationBean.java:258) - [INFO] org.springframework.boot.web.servlet.AbstractFilterRegistrationBean.configure() - Mapping filter: 'characterEncodingFilter' to: [/*]
2017-01-16T01:09:24,318 : (AbstractFilterRegistrationBean.java:258) - [INFO] org.springframework.boot.web.servlet.AbstractFilterRegistrationBean.configure() - Mapping filter: 'hiddenHttpMethodFilter' to: [/*]
2017-01-16T01:09:24,318 : (AbstractFilterRegistrationBean.java:258) - [INFO] org.springframework.boot.web.servlet.AbstractFilterRegistrationBean.configure() - Mapping filter: 'httpPutFormContentFilter' to: [/*]
2017-01-16T01:09:24,319 : (AbstractFilterRegistrationBean.java:258) - [INFO] org.springframework.boot.web.servlet.AbstractFilterRegistrationBean.configure() - Mapping filter: 'requestContextFilter' to: [/*]
2017-01-16T01:09:24,589 : (RequestMappingHandlerAdapter.java:534) - [INFO] org.springframework.web.servlet.mvc.method.annotation.RequestMappingHandlerAdapter.initControllerAdviceCache() - Looking for @ControllerAdvice: org.springframework.boot.context.embedded.AnnotationConfigEmbeddedWebApplicationContext@14555e0a: startup date [Mon Jan 16 01:09:22 PET 2017]; root of context hierarchy
2017-01-16T01:09:24,641 : (AbstractHandlerMethodMapping.java:543) - [INFO] org.springframework.web.servlet.handler.AbstractHandlerMethodMapping$MappingRegistry.register() - Mapped "{[/test]}" onto public org.springframework.http.ResponseEntity com.fiturriz.logging.App.method()
2017-01-16T01:09:24,644 : (AbstractHandlerMethodMapping.java:543) - [INFO] org.springframework.web.servlet.handler.AbstractHandlerMethodMapping$MappingRegistry.register() - Mapped "{[/error],produces=[text/html]}" onto public org.springframework.web.servlet.ModelAndView org.springframework.boot.autoconfigure.web.BasicErrorController.errorHtml(javax.servlet.http.HttpServletRequest,javax.servlet.http.HttpServletResponse)
2017-01-16T01:09:24,646 : (AbstractHandlerMethodMapping.java:543) - [INFO] org.springframework.web.servlet.handler.AbstractHandlerMethodMapping$MappingRegistry.register() - Mapped "{[/error]}" onto public org.springframework.http.ResponseEntity<java.util.Map<java.lang.String, java.lang.Object>> org.springframework.boot.autoconfigure.web.BasicErrorController.error(javax.servlet.http.HttpServletRequest)
2017-01-16T01:09:24,667 : (AbstractUrlHandlerMapping.java:354) - [INFO] org.springframework.web.servlet.handler.AbstractUrlHandlerMapping.registerHandler() - Mapped URL path [/webjars/**] onto handler of type [class org.springframework.web.servlet.resource.ResourceHttpRequestHandler]
2017-01-16T01:09:24,668 : (AbstractUrlHandlerMapping.java:354) - [INFO] org.springframework.web.servlet.handler.AbstractUrlHandlerMapping.registerHandler() - Mapped URL path [/**] onto handler of type [class org.springframework.web.servlet.resource.ResourceHttpRequestHandler]
2017-01-16T01:09:24,695 : (AbstractUrlHandlerMapping.java:354) - [INFO] org.springframework.web.servlet.handler.AbstractUrlHandlerMapping.registerHandler() - Mapped URL path [/**/favicon.ico] onto handler of type [class org.springframework.web.servlet.resource.ResourceHttpRequestHandler]
2017-01-16T01:09:24,795 : (MBeanExporter.java:431) - [INFO] org.springframework.jmx.export.MBeanExporter.afterSingletonsInstantiated() - Registering beans for JMX exposure on startup
2017-01-16T01:09:24,810 : (DirectJDKLog.java:179) - [INFO] org.apache.juli.logging.DirectJDKLog.log() - Initializing ProtocolHandler ["http-nio-8081"]
2017-01-16T01:09:24,821 : (DirectJDKLog.java:179) - [INFO] org.apache.juli.logging.DirectJDKLog.log() - Starting ProtocolHandler [http-nio-8081]
2017-01-16T01:09:24,827 : (DirectJDKLog.java:179) - [INFO] org.apache.juli.logging.DirectJDKLog.log() - Using a shared selector for servlet write/read
2017-01-16T01:09:24,842 : (TomcatEmbeddedServletContainer.java:186) - [INFO] org.springframework.boot.context.embedded.tomcat.TomcatEmbeddedServletContainer.start() - Tomcat started on port(s): 8081 (http)
2017-01-16T01:09:24,847 : (StartupInfoLogger.java:57) - [INFO] org.springframework.boot.StartupInfoLogger.logStarted() - Started App in 2.388 seconds (JVM running for 3.054)
2017-01-16T01:09:32,092 : (AbstractApplicationContext.java:982) - [INFO] org.springframework.context.support.AbstractApplicationContext.doClose() - Closing org.springframework.boot.context.embedded.AnnotationConfigEmbeddedWebApplicationContext@14555e0a: startup date [Mon Jan 16 01:09:22 PET 2017]; root of context hierarchy
2017-01-16T01:09:32,093 : (MBeanExporter.java:449) - [INFO] org.springframework.jmx.export.MBeanExporter.destroy() - Unregistering JMX-exposed beans on shutdown
2017-01-16T01:10:34,743 : (App.java:26) - [ERROR] com.fiturriz.logging.App.method() - holy shit!
2017-01-16T01:11:53,439 : (StartupInfoLogger.java:48) - [INFO] org.springframework.boot.StartupInfoLogger.logStarting() - Starting App on iturrizagapc with PID 20435 (/home/frankieic/devenv/source-code/samples/testing-logging/target/classes started by frankieic in /home/frankieic/devenv/source-code/samples/testing-logging)
2017-01-16T01:11:53,441 : (SpringApplication.java:659) - [INFO] org.springframework.boot.SpringApplication.logStartupProfileInfo() - No active profile set, falling back to default profiles: default
2017-01-16T01:11:53,504 : (AbstractApplicationContext.java:581) - [INFO] org.springframework.context.support.AbstractApplicationContext.prepareRefresh() - Refreshing org.springframework.boot.context.embedded.AnnotationConfigEmbeddedWebApplicationContext@14555e0a: startup date [Mon Jan 16 01:11:53 PET 2017]; root of context hierarchy
2017-01-16T01:11:53,643 : (Version.java:30) - [INFO] org.hibernate.validator.internal.util.Version.<clinit>() - HV000001: Hibernate Validator 5.2.4.Final
2017-01-16T01:11:54,511 : (TomcatEmbeddedServletContainer.java:88) - [INFO] org.springframework.boot.context.embedded.tomcat.TomcatEmbeddedServletContainer.initialize() - Tomcat initialized with port(s): 8081 (http)
2017-01-16T01:11:54,524 : (DirectJDKLog.java:179) - [INFO] org.apache.juli.logging.DirectJDKLog.log() - Starting service Tomcat
2017-01-16T01:11:54,525 : (DirectJDKLog.java:179) - [INFO] org.apache.juli.logging.DirectJDKLog.log() - Starting Servlet Engine: Apache Tomcat/8.5.4
2017-01-16T01:11:54,611 : (DirectJDKLog.java:179) - [INFO] org.apache.juli.logging.DirectJDKLog.log() - Initializing Spring embedded WebApplicationContext
2017-01-16T01:11:54,612 : (EmbeddedWebApplicationContext.java:276) - [INFO] org.springframework.boot.context.embedded.EmbeddedWebApplicationContext.prepareEmbeddedWebApplicationContext() - Root WebApplicationContext: initialization completed in 1112 ms
2017-01-16T01:11:54,741 : (ServletRegistrationBean.java:190) - [INFO] org.springframework.boot.web.servlet.ServletRegistrationBean.onStartup() - Mapping servlet: 'dispatcherServlet' to [/]
2017-01-16T01:11:54,748 : (AbstractFilterRegistrationBean.java:258) - [INFO] org.springframework.boot.web.servlet.AbstractFilterRegistrationBean.configure() - Mapping filter: 'characterEncodingFilter' to: [/*]
2017-01-16T01:11:54,748 : (AbstractFilterRegistrationBean.java:258) - [INFO] org.springframework.boot.web.servlet.AbstractFilterRegistrationBean.configure() - Mapping filter: 'hiddenHttpMethodFilter' to: [/*]
2017-01-16T01:11:54,749 : (AbstractFilterRegistrationBean.java:258) - [INFO] org.springframework.boot.web.servlet.AbstractFilterRegistrationBean.configure() - Mapping filter: 'httpPutFormContentFilter' to: [/*]
2017-01-16T01:11:54,749 : (AbstractFilterRegistrationBean.java:258) - [INFO] org.springframework.boot.web.servlet.AbstractFilterRegistrationBean.configure() - Mapping filter: 'requestContextFilter' to: [/*]
2017-01-16T01:11:54,966 : (RequestMappingHandlerAdapter.java:534) - [INFO] org.springframework.web.servlet.mvc.method.annotation.RequestMappingHandlerAdapter.initControllerAdviceCache() - Looking for @ControllerAdvice: org.springframework.boot.context.embedded.AnnotationConfigEmbeddedWebApplicationContext@14555e0a: startup date [Mon Jan 16 01:11:53 PET 2017]; root of context hierarchy
2017-01-16T01:11:55,028 : (AbstractHandlerMethodMapping.java:543) - [INFO] org.springframework.web.servlet.handler.AbstractHandlerMethodMapping$MappingRegistry.register() - Mapped "{[/test]}" onto public org.springframework.http.ResponseEntity com.fiturriz.logging.App.method()
2017-01-16T01:11:55,032 : (AbstractHandlerMethodMapping.java:543) - [INFO] org.springframework.web.servlet.handler.AbstractHandlerMethodMapping$MappingRegistry.register() - Mapped "{[/error],produces=[text/html]}" onto public org.springframework.web.servlet.ModelAndView org.springframework.boot.autoconfigure.web.BasicErrorController.errorHtml(javax.servlet.http.HttpServletRequest,javax.servlet.http.HttpServletResponse)
2017-01-16T01:11:55,033 : (AbstractHandlerMethodMapping.java:543) - [INFO] org.springframework.web.servlet.handler.AbstractHandlerMethodMapping$MappingRegistry.register() - Mapped "{[/error]}" onto public org.springframework.http.ResponseEntity<java.util.Map<java.lang.String, java.lang.Object>> org.springframework.boot.autoconfigure.web.BasicErrorController.error(javax.servlet.http.HttpServletRequest)
2017-01-16T01:11:55,063 : (AbstractUrlHandlerMapping.java:354) - [INFO] org.springframework.web.servlet.handler.AbstractUrlHandlerMapping.registerHandler() - Mapped URL path [/webjars/**] onto handler of type [class org.springframework.web.servlet.resource.ResourceHttpRequestHandler]
2017-01-16T01:11:55,063 : (AbstractUrlHandlerMapping.java:354) - [INFO] org.springframework.web.servlet.handler.AbstractUrlHandlerMapping.registerHandler() - Mapped URL path [/**] onto handler of type [class org.springframework.web.servlet.resource.ResourceHttpRequestHandler]
2017-01-16T01:11:55,101 : (AbstractUrlHandlerMapping.java:354) - [INFO] org.springframework.web.servlet.handler.AbstractUrlHandlerMapping.registerHandler() - Mapped URL path [/**/favicon.ico] onto handler of type [class org.springframework.web.servlet.resource.ResourceHttpRequestHandler]
2017-01-16T01:11:55,282 : (MBeanExporter.java:431) - [INFO] org.springframework.jmx.export.MBeanExporter.afterSingletonsInstantiated() - Registering beans for JMX exposure on startup
2017-01-16T01:11:55,306 : (DirectJDKLog.java:179) - [INFO] org.apache.juli.logging.DirectJDKLog.log() - Initializing ProtocolHandler ["http-nio-8081"]
2017-01-16T01:11:55,321 : (DirectJDKLog.java:179) - [INFO] org.apache.juli.logging.DirectJDKLog.log() - Starting ProtocolHandler [http-nio-8081]
2017-01-16T01:11:55,328 : (DirectJDKLog.java:179) - [INFO] org.apache.juli.logging.DirectJDKLog.log() - Using a shared selector for servlet write/read
2017-01-16T01:11:55,353 : (TomcatEmbeddedServletContainer.java:186) - [INFO] org.springframework.boot.context.embedded.tomcat.TomcatEmbeddedServletContainer.start() - Tomcat started on port(s): 8081 (http)
2017-01-16T01:11:55,357 : (StartupInfoLogger.java:57) - [INFO] org.springframework.boot.StartupInfoLogger.logStarted() - Started App in 2.309 seconds (JVM running for 2.982)
2017-01-16T01:12:15,533 : (DirectJDKLog.java:179) - [INFO] org.apache.juli.logging.DirectJDKLog.log() - Initializing Spring FrameworkServlet 'dispatcherServlet'
2017-01-16T01:12:15,533 : (FrameworkServlet.java:489) - [INFO] org.springframework.web.servlet.FrameworkServlet.initServletBean() - FrameworkServlet 'dispatcherServlet': initialization started
2017-01-16T01:12:15,547 : (FrameworkServlet.java:508) - [INFO] org.springframework.web.servlet.FrameworkServlet.initServletBean() - FrameworkServlet 'dispatcherServlet': initialization completed in 14 ms
2017-01-16T01:12:15,577 : (App.java:26) - [ERROR] com.fiturriz.logging.App.method() - holy shit!
2017-01-16T01:12:15,578 : (App.java:27) - [WARN] com.fiturriz.logging.App.method() - holy shit!
2017-01-16T01:12:15,578 : (App.java:28) - [INFO] com.fiturriz.logging.App.method() - holy shit!
2017-01-16T01:20:58,831 : (AbstractApplicationContext.java:982) - [INFO] org.springframework.context.support.AbstractApplicationContext.doClose() - Closing org.springframework.boot.context.embedded.AnnotationConfigEmbeddedWebApplicationContext@14555e0a: startup date [Mon Jan 16 01:11:53 PET 2017]; root of context hierarchy
